<?xml version="1.0" encoding="UTF-8"?>
<!-- Generated by org.testng.reporters.JUnitReportReporter -->
<testsuite hostname="SUSHANTs-MacBook-Pro.local" failures="0" tests="1" name="classTask.QspiderFrom" time="19.040" errors="0" timestamp="2024-05-11T12:41:11 IST" skipped="0">
  <testcase classname="classTask.QspiderFrom" name="Qsp" time="19.040"/>
</testsuite> <!-- classTask.QspiderFrom -->
