<?xml version="1.0" encoding="UTF-8"?>
<!-- Generated by org.testng.reporters.JUnitReportReporter -->
<testsuite hostname="SUSHANTs-MacBook-Pro.local" failures="0" tests="1" name="com.crm.pom.LoginWithMethod" time="15.225" errors="0" timestamp="2024-05-28T00:06:21 IST" skipped="0">
  <testcase classname="com.crm.pom.LoginWithMethod" name="test" time="15.225"/>
</testsuite> <!-- com.crm.pom.LoginWithMethod -->
