<?xml version="1.0" encoding="UTF-8"?>
<!-- Generated by org.testng.reporters.JUnitReportReporter -->
<testsuite hostname="SUSHANTs-MacBook-Pro.local" failures="0" tests="1" name="Extent_Reports.sampaleReport" time="0.498" errors="0" timestamp="2024-05-30T09:37:49 IST" skipped="0">
  <testcase classname="Extent_Reports.sampaleReport" name="launchTheReport" time="0.498"/>
</testsuite> <!-- Extent_Reports.sampaleReport -->
