<?xml version="1.0" encoding="UTF-8"?>
<!-- Generated by org.testng.reporters.JUnitReportReporter -->
<testsuite hostname="SUSHANTs-MacBook-Pro.local" failures="0" tests="2" name="classTask1.shoperstack" time="27.609" errors="0" timestamp="2024-05-20T12:22:53 IST" skipped="0">
  <testcase classname="classTask1.shoperstack" name="st" time="16.357"/>
  <testcase classname="classTask1.shoperstack" name="m3" time="11.252"/>
</testsuite> <!-- classTask1.shoperstack -->
