<?xml version="1.0" encoding="UTF-8"?>
<!-- Generated by org.testng.reporters.JUnitReportReporter -->
<testsuite hostname="SUSHANTs-MacBook-Pro.local" failures="0" tests="4" name="classTask1.LoginBothDWSandST" time="48.006" errors="0" timestamp="2024-05-18T08:50:39 IST" skipped="0">
  <testcase classname="classTask1.LoginBothDWSandST" name="m1" time="5.294"/>
  <testcase classname="classTask1.LoginBothDWSandST" name="m1" time="22.689"/>
  <testcase classname="classTask1.LoginBothDWSandST" name="m2" time="14.134"/>
  <testcase classname="classTask1.LoginBothDWSandST" name="m2" time="5.889"/>
</testsuite> <!-- classTask1.LoginBothDWSandST -->
