<?xml version="1.0" encoding="UTF-8"?>
<!-- Generated by org.testng.reporters.JUnitReportReporter -->
<testsuite hostname="SUSHANTs-MacBook-Pro.local" failures="0" tests="2" name="chronologicalOrder.AddingTowTestAnnotetion" time="0.014" errors="0" timestamp="2024-05-10T16:27:36 IST" skipped="0">
  <testcase classname="chronologicalOrder.AddingTowTestAnnotetion" name="befourtest1" time="0.008"/>
  <testcase classname="chronologicalOrder.AddingTowTestAnnotetion" name="befourtest2" time="0.006"/>
</testsuite> <!-- chronologicalOrder.AddingTowTestAnnotetion -->
