<?xml version="1.0" encoding="UTF-8"?>
<!-- Generated by org.testng.reporters.JUnitReportReporter -->
<testsuite hostname="SUSHANTs-MacBook-Pro.local" failures="0" tests="1" name="Cpm.par123.Shorperstak" time="21.042" errors="0" timestamp="2024-05-20T11:00:37 IST" skipped="0">
  <testcase classname="Cpm.par123.Shorperstak" name="sht" time="21.042"/>
</testsuite> <!-- Cpm.par123.Shorperstak -->
