<?xml version="1.0" encoding="UTF-8"?>
<!-- Generated by org.testng.reporters.JUnitReportReporter -->
<testsuite hostname="SUSHANTs-MacBook-Pro.local" failures="0" tests="1" name="chronologicalOrder.Orders" time="0.012" errors="0" timestamp="2024-05-10T16:25:11 IST" skipped="0">
  <testcase classname="chronologicalOrder.Orders" name="befourtest1" time="0.012"/>
</testsuite> <!-- chronologicalOrder.Orders -->
