<?xml version="1.0" encoding="UTF-8"?>
<!-- Generated by org.testng.reporters.JUnitReportReporter -->
<testsuite hostname="SUSHANTs-MacBook-Pro.local" failures="0" tests="1" name="assertion.DwsLoginWithIListener" time="24.634" errors="0" timestamp="2024-05-26T21:59:14 IST" skipped="0">
  <testcase classname="assertion.DwsLoginWithIListener" name="m2" time="24.634"/>
</testsuite> <!-- assertion.DwsLoginWithIListener -->
