<?xml version="1.0" encoding="UTF-8"?>
<!-- Generated by org.testng.reporters.JUnitReportReporter -->
<testsuite hostname="SUSHANTs-MacBook-Pro.local" failures="0" tests="1" name="assertion.AssertEquvals" time="6.847" errors="0" timestamp="2024-05-24T11:25:52 IST" skipped="0">
  <testcase classname="assertion.AssertEquvals" name="s1" time="6.847"/>
</testsuite> <!-- assertion.AssertEquvals -->
