<?xml version="1.0" encoding="UTF-8"?>
<!-- Generated by org.testng.reporters.JUnitReportReporter -->
<testsuite hostname="SUSHANTs-MacBook-Pro.local" failures="0" tests="1" name="Cpm.par123.crossBrowser" time="290.844" errors="0" timestamp="2024-05-20T12:07:41 IST" skipped="0">
  <testcase classname="Cpm.par123.crossBrowser" name="crb" time="290.844"/>
</testsuite> <!-- Cpm.par123.crossBrowser -->
