<?xml version="1.0" encoding="UTF-8"?>
<!-- Generated by org.testng.reporters.JUnitReportReporter -->
<testsuite hostname="SUSHANTs-MacBook-Pro.local" failures="0" tests="1" name="travalingApplications.abhiBus" time="5.913" errors="0" timestamp="2024-05-27T09:20:48 IST" skipped="0">
  <testcase classname="travalingApplications.abhiBus" name="rd" time="5.913"/>
</testsuite> <!-- travalingApplications.abhiBus -->
