<?xml version="1.0" encoding="UTF-8"?>
<!-- Generated by org.testng.reporters.JUnitReportReporter -->
<testsuite hostname="SUSHANTs-MacBook-Pro.local" failures="0" tests="1" name="Excale.WritedataInExacle" time="0.618" errors="0" timestamp="2024-05-29T09:28:46 IST" skipped="0">
  <testcase classname="Excale.WritedataInExacle" name="dataToExale" time="0.618"/>
</testsuite> <!-- Excale.WritedataInExacle -->
