<?xml version="1.0" encoding="UTF-8"?>
<!-- Generated by org.testng.reporters.JUnitReportReporter -->
<testsuite hostname="SUSHANTs-MacBook-Pro.local" failures="0" tests="1" name="basic.LaunchD" time="22.435" errors="0" timestamp="2024-05-09T12:24:48 IST" skipped="0">
  <testcase classname="basic.LaunchD" name="main" time="22.435"/>
</testsuite> <!-- basic.LaunchD -->
