<?xml version="1.0" encoding="UTF-8"?>
<!-- Generated by org.testng.reporters.JUnitReportReporter -->
<testsuite hostname="SUSHANTs-MacBook-Pro.local" failures="0" tests="1" name="travalingApplications.redbBus" time="7.678" errors="0" timestamp="2024-05-27T09:20:48 IST" skipped="0">
  <testcase classname="travalingApplications.redbBus" name="rd" time="7.678"/>
</testsuite> <!-- travalingApplications.redbBus -->
