<?xml version="1.0" encoding="UTF-8"?>
<!-- Generated by org.testng.reporters.JUnitReportReporter -->
<testsuite hostname="SUSHANTs-MacBook-Pro.local" failures="0" tests="1" name="com.crm.pom.LoinDws" time="14.685" errors="0" timestamp="2024-05-28T00:05:40 IST" skipped="0">
  <testcase classname="com.crm.pom.LoinDws" name="test" time="14.685"/>
</testsuite> <!-- com.crm.pom.LoinDws -->
