<?xml version="1.0" encoding="UTF-8"?>
<!-- Generated by org.testng.reporters.JUnitReportReporter -->
<testsuite hostname="SUSHANTs-MacBook-Pro.local" failures="0" tests="1" name="com.crm.pom.DWSRgister" time="19.791" errors="0" timestamp="2024-05-28T00:30:52 IST" skipped="0">
  <testcase classname="com.crm.pom.DWSRgister" name="test" time="19.791"/>
</testsuite> <!-- com.crm.pom.DWSRgister -->
