<?xml version="1.0" encoding="UTF-8"?>
<!-- Generated by org.testng.reporters.JUnitReportReporter -->
<testsuite hostname="SUSHANTs-MacBook-Pro.local" failures="0" tests="2" name="dtaProvider.Task1" time="88.259" errors="0" timestamp="2024-05-17T12:12:12 IST" skipped="0">
  <testcase classname="dtaProvider.Task1" name="Login" time="40.631"/>
  <testcase classname="dtaProvider.Task1" name="Login" time="47.628"/>
</testsuite> <!-- dtaProvider.Task1 -->
